c:\users\asus\desktop\osisp1\osisp1\debug\osisp1.pch
c:\users\asus\desktop\osisp1\osisp1\debug\vc120.pdb
c:\users\asus\desktop\osisp1\osisp1\debug\vc120.idb
c:\users\asus\desktop\osisp1\osisp1\debug\stdafx.obj
c:\users\asus\desktop\osisp1\osisp1\debug\osisp1.res
c:\users\asus\desktop\osisp1\osisp1\debug\osisp1.pdb
c:\users\asus\desktop\osisp1\osisp1\debug\osisp1.tlog\cl.command.1.tlog
c:\users\asus\desktop\osisp1\osisp1\debug\osisp1.tlog\cl.read.1.tlog
c:\users\asus\desktop\osisp1\osisp1\debug\osisp1.tlog\cl.write.1.tlog
c:\users\asus\desktop\osisp1\osisp1\debug\osisp1.tlog\link-cvtres.read.1.tlog
c:\users\asus\desktop\osisp1\osisp1\debug\osisp1.tlog\link-cvtres.write.1.tlog
c:\users\asus\desktop\osisp1\osisp1\debug\osisp1.tlog\link-rc.read.1.tlog
c:\users\asus\desktop\osisp1\osisp1\debug\osisp1.tlog\link-rc.write.1.tlog
c:\users\asus\desktop\osisp1\osisp1\debug\osisp1.tlog\link.5620-cvtres.read.1.tlog
c:\users\asus\desktop\osisp1\osisp1\debug\osisp1.tlog\link.5620-cvtres.write.1.tlog
c:\users\asus\desktop\osisp1\osisp1\debug\osisp1.tlog\link.5620-rc.read.1.tlog
c:\users\asus\desktop\osisp1\osisp1\debug\osisp1.tlog\link.5620-rc.write.1.tlog
c:\users\asus\desktop\osisp1\osisp1\debug\osisp1.tlog\link.5620.read.1.tlog
c:\users\asus\desktop\osisp1\osisp1\debug\osisp1.tlog\link.5620.write.1.tlog
c:\users\asus\desktop\osisp1\osisp1\debug\osisp1.tlog\link.command.1.tlog
c:\users\asus\desktop\osisp1\osisp1\debug\osisp1.tlog\link.read.1.tlog
c:\users\asus\desktop\osisp1\osisp1\debug\osisp1.tlog\link.write.1.tlog
c:\users\asus\desktop\osisp1\osisp1\debug\osisp1.tlog\rc.command.1.tlog
c:\users\asus\desktop\osisp1\osisp1\debug\osisp1.tlog\rc.read.1.tlog
c:\users\asus\desktop\osisp1\osisp1\debug\osisp1.tlog\rc.write.1.tlog
